This is pdfTeX, Version 3.141592653-2.6-1.40.29 (MiKTeX 26.2) (preloaded format=pdflatex 2026.2.28)  16 APR 2026 20:15
entering extended mode
 restricted \write18 enabled.
 %&-line parsing enabled.
**"c:/Users/abdou/Downloads/rapport pfe abderrahmen ben hattab/abdou/main.tex"
(c:/Users/abdou/Downloads/rapport pfe abderrahmen ben hattab/abdou/main.tex
LaTeX2e <2025-11-01>
L3 programming layer <2026-01-19>
(C:\Users\abdou\AppData\Local\Programs\MiKTeX\tex/latex/base\report.cls
Document Class: report 2025/01/22 v1.4n Standard LaTeX document class
(C:\Users\abdou\AppData\Local\Programs\MiKTeX\tex/latex/base\size12.clo
File: size12.clo 2025/01/22 v1.4n Standard LaTeX file (size option)
)
\c@part=\count275
\c@chapter=\count276
\c@section=\count277
\c@subsection=\count278
\c@subsubsection=\count279
\c@paragraph=\count280
\c@subparagraph=\count281
\c@figure=\count282
\c@table=\count283
\abovecaptionskip=\skip49
\belowcaptionskip=\skip50
\bibindent=\dimen148
) (C:\Users\abdou\AppData\Local\Programs\MiKTeX\tex/latex/base\inputenc.sty
Package: inputenc 2024/02/08 v1.3d Input encoding file
\inpenc@prehook=\toks17
\inpenc@posthook=\toks18
) (C:\Users\abdou\AppData\Local\Programs\MiKTeX\tex/latex/base\fontenc.sty
Package: fontenc 2025/07/18 v2.1d Standard LaTeX package
) (C:\Users\abdou\AppData\Local\Programs\MiKTeX\tex/latex/float\float.sty
Package: float 2001/11/08 v1.3d Float enhancements (AL)
\c@float@type=\count284
\float@exts=\toks19
\float@box=\box53
\@float@everytoks=\toks20
\@floatcapt=\box54
) (C:\Users\abdou\AppData\Local\Programs\MiKTeX\tex/latex/psnfss\mathptmx.sty
Package: mathptmx 2020/03/25 PSNFSS-v9.3 Times w/ Math, improved (SPQR, WaS) 
LaTeX Font Info:    Redeclaring symbol font `operators' on input line 28.
LaTeX Font Info:    Overwriting symbol font `operators' in version `normal'
(Font)                  OT1/cmr/m/n --> OT1/ztmcm/m/n on input line 28.
LaTeX Font Info:    Overwriting symbol font `operators' in version `bold'
(Font)                  OT1/cmr/bx/n --> OT1/ztmcm/m/n on input line 28.
LaTeX Font Info:    Redeclaring symbol font `letters' on input line 29.
LaTeX Font Info:    Overwriting symbol font `letters' in version `normal'
(Font)                  OML/cmm/m/it --> OML/ztmcm/m/it on input line 29.
LaTeX Font Info:    Overwriting symbol font `letters' in version `bold'
(Font)                  OML/cmm/b/it --> OML/ztmcm/m/it on input line 29.
LaTeX Font Info:    Redeclaring symbol font `symbols' on input line 30.
LaTeX Font Info:    Overwriting symbol font `symbols' in version `normal'
(Font)                  OMS/cmsy/m/n --> OMS/ztmcm/m/n on input line 30.
LaTeX Font Info:    Overwriting symbol font `symbols' in version `bold'
(Font)                  OMS/cmsy/b/n --> OMS/ztmcm/m/n on input line 30.
LaTeX Font Info:    Redeclaring symbol font `largesymbols' on input line 31.
LaTeX Font Info:    Overwriting symbol font `largesymbols' in version `normal'
(Font)                  OMX/cmex/m/n --> OMX/ztmcm/m/n on input line 31.
LaTeX Font Info:    Overwriting symbol font `largesymbols' in version `bold'
(Font)                  OMX/cmex/m/n --> OMX/ztmcm/m/n on input line 31.
\symbold=\mathgroup4
\symitalic=\mathgroup5
LaTeX Font Info:    Redeclaring math alphabet \mathbf on input line 34.
LaTeX Font Info:    Overwriting math alphabet `\mathbf' in version `normal'
(Font)                  OT1/cmr/bx/n --> OT1/ptm/bx/n on input line 34.
LaTeX Font Info:    Overwriting math alphabet `\mathbf' in version `bold'
(Font)                  OT1/cmr/bx/n --> OT1/ptm/bx/n on input line 34.
LaTeX Font Info:    Redeclaring math alphabet \mathit on input line 35.
LaTeX Font Info:    Overwriting math alphabet `\mathit' in version `normal'
(Font)                  OT1/cmr/m/it --> OT1/ptm/m/it on input line 35.
LaTeX Font Info:    Overwriting math alphabet `\mathit' in version `bold'
(Font)                  OT1/cmr/bx/it --> OT1/ptm/m/it on input line 35.
LaTeX Info: Redefining \hbar on input line 50.
) (C:\Users\abdou\AppData\Local\Programs\MiKTeX\tex/latex/geometry\geometry.sty
Package: geometry 2020/01/02 v5.9 Page Geometry
 (C:\Users\abdou\AppData\Local\Programs\MiKTeX\tex/latex/graphics\keyval.sty
Package: keyval 2022/05/29 v1.15 key=value parser (DPC)
\KV@toks@=\toks21
) (C:\Users\abdou\AppData\Local\Programs\MiKTeX\tex/generic/iftex\ifvtex.sty
Package: ifvtex 2019/10/25 v1.7 ifvtex legacy package. Use iftex instead.
 (C:\Users\abdou\AppData\Local\Programs\MiKTeX\tex/generic/iftex\iftex.sty
Package: iftex 2024/12/12 v1.0g TeX engine tests
))
\Gm@cnth=\count285
\Gm@cntv=\count286
\c@Gm@tempcnt=\count287
\Gm@bindingoffset=\dimen149
\Gm@wd@mp=\dimen150
\Gm@odd@mp=\dimen151
\Gm@even@mp=\dimen152
\Gm@layoutwidth=\dimen153
\Gm@layoutheight=\dimen154
\Gm@layouthoffset=\dimen155
\Gm@layoutvoffset=\dimen156
\Gm@dimlist=\toks22
 (C:\Users\abdou\AppData\Local\Programs\MiKTeX\tex/latex/geometry\geometry.cfg)) (C:\Users\abdou\AppData\Local\Programs\MiKTeX\tex/latex/graphics\graphicx.sty
Package: graphicx 2024/12/31 v1.2e Enhanced LaTeX Graphics (DPC,SPQR)
 (C:\Users\abdou\AppData\Local\Programs\MiKTeX\tex/latex/graphics\graphics.sty
Package: graphics 2024/08/06 v1.4g Standard LaTeX Graphics (DPC,SPQR)
 (C:\Users\abdou\AppData\Local\Programs\MiKTeX\tex/latex/graphics\trig.sty
Package: trig 2023/12/02 v1.11 sin cos tan (DPC)
) (C:\Users\abdou\AppData\Local\Programs\MiKTeX\tex/latex/graphics-cfg\graphics.cfg
File: graphics.cfg 2016/06/04 v1.11 sample graphics configuration
)
Package graphics Info: Driver file: pdftex.def on input line 106.
 (C:\Users\abdou\AppData\Local\Programs\MiKTeX\tex/latex/graphics-def\pdftex.def
File: pdftex.def 2025/09/29 v1.2d Graphics/color driver for pdftex
))
\Gin@req@height=\dimen157
\Gin@req@width=\dimen158
) (C:\Users\abdou\AppData\Local\Programs\MiKTeX\tex/latex/multirow\multirow.sty
Package: multirow 2024/11/12 v2.9 Span multiple rows of a table
\multirow@colwidth=\skip51
\multirow@cntb=\count288
\multirow@dima=\skip52
\bigstrutjot=\dimen159
) (C:\Users\abdou\AppData\Local\Programs\MiKTeX\tex/latex/tools\array.sty
Package: array 2025/09/25 v2.6n Tabular extension package (FMi)
\col@sep=\dimen160
\ar@mcellbox=\box55
\extrarowheight=\dimen161
\NC@list=\toks23
\extratabsurround=\skip53
\backup@length=\skip54
\ar@cellbox=\box56
) (C:\Users\abdou\AppData\Local\Programs\MiKTeX\tex/latex/enumitem\enumitem.sty
Package: enumitem 2025/02/06 v3.11 Customized lists
\labelindent=\skip55
\enit@outerparindent=\dimen162
\enit@toks=\toks24
\enit@inbox=\box57
\enit@count@id=\count289
\enitdp@description=\count290
) (C:\Users\abdou\AppData\Local\Programs\MiKTeX\tex/latex/setspace\setspace.sty
Package: setspace 2022/12/04 v6.7b set line spacing
) (C:\Users\abdou\AppData\Local\Programs\MiKTeX\tex/latex/ragged2e\ragged2e.sty
Package: ragged2e 2023/06/22 v3.6 ragged2e Package
\CenteringLeftskip=\skip56
\RaggedLeftLeftskip=\skip57
\RaggedRightLeftskip=\skip58
\CenteringRightskip=\skip59
\RaggedLeftRightskip=\skip60
\RaggedRightRightskip=\skip61
\CenteringParfillskip=\skip62
\RaggedLeftParfillskip=\skip63
\RaggedRightParfillskip=\skip64
\JustifyingParfillskip=\skip65
\CenteringParindent=\skip66
\RaggedLeftParindent=\skip67
\RaggedRightParindent=\skip68
\JustifyingParindent=\skip69
) (C:\Users\abdou\AppData\Local\Programs\MiKTeX\tex/latex/tocloft\tocloft.sty
Package: tocloft 2017/08/31 v2.3i parameterised ToC, etc., typesetting
Package tocloft Info: The document has chapter divisions on input line 51.
\cftparskip=\skip70
\cftbeforetoctitleskip=\skip71
\cftaftertoctitleskip=\skip72
\cftbeforepartskip=\skip73
\cftpartnumwidth=\skip74
\cftpartindent=\skip75
\cftbeforechapskip=\skip76
\cftchapindent=\skip77
\cftchapnumwidth=\skip78
\cftbeforesecskip=\skip79
\cftsecindent=\skip80
\cftsecnumwidth=\skip81
\cftbeforesubsecskip=\skip82
\cftsubsecindent=\skip83
\cftsubsecnumwidth=\skip84
\cftbeforesubsubsecskip=\skip85
\cftsubsubsecindent=\skip86
\cftsubsubsecnumwidth=\skip87
\cftbeforeparaskip=\skip88
\cftparaindent=\skip89
\cftparanumwidth=\skip90
\cftbeforesubparaskip=\skip91
\cftsubparaindent=\skip92
\cftsubparanumwidth=\skip93
\cftbeforeloftitleskip=\skip94
\cftafterloftitleskip=\skip95
\cftbeforefigskip=\skip96
\cftfigindent=\skip97
\cftfignumwidth=\skip98
\c@lofdepth=\count291
\c@lotdepth=\count292
\cftbeforelottitleskip=\skip99
\cftafterlottitleskip=\skip100
\cftbeforetabskip=\skip101
\cfttabindent=\skip102
\cfttabnumwidth=\skip103
) (C:\Users\abdou\AppData\Local\Programs\MiKTeX\tex/latex/fancyhdr\fancyhdr.sty
Package: fancyhdr 2025/02/07 v5.2 Extensive control of page headers and footers
\f@nch@headwidth=\skip104
\f@nch@offset@elh=\skip105
\f@nch@offset@erh=\skip106
\f@nch@offset@olh=\skip107
\f@nch@offset@orh=\skip108
\f@nch@offset@elf=\skip109
\f@nch@offset@erf=\skip110
\f@nch@offset@olf=\skip111
\f@nch@offset@orf=\skip112
\f@nch@height=\skip113
\f@nch@footalignment=\skip114
\f@nch@widthL=\skip115
\f@nch@widthC=\skip116
\f@nch@widthR=\skip117
\@temptokenb=\toks25
) (C:\Users\abdou\AppData\Local\Programs\MiKTeX\tex/latex/caption\caption.sty
Package: caption 2023/08/05 v3.6o Customizing captions (AR)
 (C:\Users\abdou\AppData\Local\Programs\MiKTeX\tex/latex/caption\caption3.sty
Package: caption3 2023/07/31 v2.4d caption3 kernel (AR)
\caption@tempdima=\dimen163
\captionmargin=\dimen164
\caption@leftmargin=\dimen165
\caption@rightmargin=\dimen166
\caption@width=\dimen167
\caption@indent=\dimen168
\caption@parindent=\dimen169
\caption@hangindent=\dimen170
Package caption Info: Standard document class detected.
)
\c@caption@flags=\count293
\c@continuedfloat=\count294
Package caption Info: float package is loaded.
) (C:\Users\abdou\AppData\Local\Programs\MiKTeX\tex/generic/babel\babel.sty
Package: babel 2026/02/14 v26.3 The multilingual framework for LuaLaTeX, pdfLaTeX and XeLaTeX
\babel@savecnt=\count295
LaTeX Encoding Info:    Redeclaring text command \ij (encoding OT1) on input line 2078.
LaTeX Encoding Info:    Redeclaring text command \IJ (encoding OT1) on input line 2080.
LaTeX Encoding Info:    Redeclaring text command \ij (encoding T1) on input line 2082.
LaTeX Encoding Info:    Redeclaring text command \IJ (encoding T1) on input line 2083.
LaTeX Encoding Info:    Ignoring declaration for text command \ij (encoding ?) on input line 2084.
LaTeX Encoding Info:    Ignoring declaration for text command \IJ (encoding ?) on input line 2086.
LaTeX Encoding Info:    Ignoring declaration for text command \SS (encoding ?) on input line 2111.
\U@D=\dimen171
\l@unhyphenated=\language79
 (C:\Users\abdou\AppData\Local\Programs\MiKTeX\tex/generic/babel\txtbabel.def)
\bbl@readstream=\read2
\bbl@dirlevel=\count296
Package babel Info: Configuration files are deprecated, as
(babel)             they can break document portability.
(babel)             Reported on input line 4206.

*************************************
* Local config file bblopts.cfg used
*
(C:\Users\abdou\AppData\Local\Programs\MiKTeX\tex/latex/arabi\bblopts.cfg
File: bblopts.cfg 2005/09/08 v0.1 add Arabic and Farsi to "declared" options of babel
) (C:\Users\abdou\AppData\Local\Programs\MiKTeX\tex/generic/babel/locale/en\babel-english.tex)
Package babel Info: Importing font and identification data for english
(babel)             from babel-en.ini. Reported on input line 4330.
 (C:\Users\abdou\AppData\Local\Programs\MiKTeX\tex/latex/babel-english\english.ldf
Language: english 2017/06/06 v3.3r English support from the babel system
Package babel Info: Hyphen rules for 'canadian' set to \l@english
(babel)             (\language0). Reported on input line 102.
Package babel Info: Hyphen rules for 'australian' set to \l@ukenglish
(babel)             (\language73). Reported on input line 105.
Package babel Info: Hyphen rules for 'newzealand' set to \l@ukenglish
(babel)             (\language73). Reported on input line 108.
)) (C:\Users\abdou\AppData\Local\Programs\MiKTeX\tex/latex/hyperref\hyperref.sty
Package: hyperref 2026-01-29 v7.01p Hypertext links for LaTeX
 (C:\Users\abdou\AppData\Local\Programs\MiKTeX\tex/latex/kvsetkeys\kvsetkeys.sty
Package: kvsetkeys 2022-10-05 v1.19 Key value parser (HO)
) (C:\Users\abdou\AppData\Local\Programs\MiKTeX\tex/generic/kvdefinekeys\kvdefinekeys.sty
Package: kvdefinekeys 2019-12-19 v1.6 Define keys (HO)
) (C:\Users\abdou\AppData\Local\Programs\MiKTeX\tex/generic/pdfescape\pdfescape.sty
Package: pdfescape 2019/12/09 v1.15 Implements pdfTeX's escape features (HO)
 (C:\Users\abdou\AppData\Local\Programs\MiKTeX\tex/generic/ltxcmds\ltxcmds.sty
Package: ltxcmds 2023-12-04 v1.26 LaTeX kernel commands for general use (HO)
) (C:\Users\abdou\AppData\Local\Programs\MiKTeX\tex/generic/pdftexcmds\pdftexcmds.sty
Package: pdftexcmds 2020-06-27 v0.33 Utility functions of pdfTeX for LuaTeX (HO)
 (C:\Users\abdou\AppData\Local\Programs\MiKTeX\tex/generic/infwarerr\infwarerr.sty
Package: infwarerr 2019/12/03 v1.5 Providing info/warning/error messages (HO)
)
Package pdftexcmds Info: \pdf@primitive is available.
Package pdftexcmds Info: \pdf@ifprimitive is available.
Package pdftexcmds Info: \pdfdraftmode found.
)) (C:\Users\abdou\AppData\Local\Programs\MiKTeX\tex/latex/hycolor\hycolor.sty
Package: hycolor 2020-01-27 v1.10 Color options for hyperref/bookmark (HO)
) (C:\Users\abdou\AppData\Local\Programs\MiKTeX\tex/latex/hyperref\nameref.sty
Package: nameref 2026-01-29 v2.58 Cross-referencing by name of section
 (C:\Users\abdou\AppData\Local\Programs\MiKTeX\tex/latex/refcount\refcount.sty
Package: refcount 2019/12/15 v3.6 Data extraction from label references (HO)
) (C:\Users\abdou\AppData\Local\Programs\MiKTeX\tex/generic/gettitlestring\gettitlestring.sty
Package: gettitlestring 2019/12/15 v1.6 Cleanup title references (HO)
 (C:\Users\abdou\AppData\Local\Programs\MiKTeX\tex/latex/kvoptions\kvoptions.sty
Package: kvoptions 2022-06-15 v3.15 Key value format for package options (HO)
))
\c@section@level=\count297
) (C:\Users\abdou\AppData\Local\Programs\MiKTeX\tex/latex/etoolbox\etoolbox.sty
Package: etoolbox 2025/10/02 v2.5m e-TeX tools for LaTeX (JAW)
\etb@tempcnta=\count298
) (C:\Users\abdou\AppData\Local\Programs\MiKTeX\tex/generic/stringenc\stringenc.sty
Package: stringenc 2019/11/29 v1.12 Convert strings between diff. encodings (HO)
)
\@linkdim=\dimen172
\Hy@linkcounter=\count299
\Hy@pagecounter=\count300
 (C:\Users\abdou\AppData\Local\Programs\MiKTeX\tex/latex/hyperref\pd1enc.def
File: pd1enc.def 2026-01-29 v7.01p Hyperref: PDFDocEncoding definition (HO)
Now handling font encoding PD1 ...
... no UTF-8 mapping file for font encoding PD1
) (C:\Users\abdou\AppData\Local\Programs\MiKTeX\tex/generic/intcalc\intcalc.sty
Package: intcalc 2019/12/15 v1.3 Expandable calculations with integers (HO)
)
\Hy@SavedSpaceFactor=\count301
 (C:\Users\abdou\AppData\Local\Programs\MiKTeX\tex/latex/hyperref\puenc.def
File: puenc.def 2026-01-29 v7.01p Hyperref: PDF Unicode definition (HO)
Now handling font encoding PU ...
... no UTF-8 mapping file for font encoding PU
)
Package hyperref Info: Hyper figures OFF on input line 4201.
Package hyperref Info: Link nesting OFF on input line 4206.
Package hyperref Info: Hyper index ON on input line 4209.
Package hyperref Info: Plain pages OFF on input line 4216.
Package hyperref Info: Backreferencing OFF on input line 4221.
Package hyperref Info: Implicit mode ON; LaTeX internals redefined.
Package hyperref Info: Bookmarks ON on input line 4468.
\c@Hy@tempcnt=\count302
 (C:\Users\abdou\AppData\Local\Programs\MiKTeX\tex/latex/url\url.sty
\Urlmuskip=\muskip17
Package: url 2013/09/16  ver 3.4  Verb mode for urls, etc.
)
LaTeX Info: Redefining \url on input line 4807.
\XeTeXLinkMargin=\dimen173
 (C:\Users\abdou\AppData\Local\Programs\MiKTeX\tex/generic/bitset\bitset.sty
Package: bitset 2019/12/09 v1.3 Handle bit-vector datatype (HO)
 (C:\Users\abdou\AppData\Local\Programs\MiKTeX\tex/generic/bigintcalc\bigintcalc.sty
Package: bigintcalc 2019/12/15 v1.5 Expandable calculations on big integers (HO)
))
\Fld@menulength=\count303
\Field@Width=\dimen174
\Fld@charsize=\dimen175
Package hyperref Info: Hyper figures OFF on input line 6084.
Package hyperref Info: Link nesting OFF on input line 6089.
Package hyperref Info: Hyper index ON on input line 6092.
Package hyperref Info: backreferencing OFF on input line 6099.
Package hyperref Info: Link coloring OFF on input line 6104.
Package hyperref Info: Link coloring with OCG OFF on input line 6109.
Package hyperref Info: PDF/A mode OFF on input line 6114.
\Hy@abspage=\count304
\c@Item=\count305
\c@Hfootnote=\count306
)
Package hyperref Info: Driver (autodetected): hpdftex.
 (C:\Users\abdou\AppData\Local\Programs\MiKTeX\tex/latex/hyperref\hpdftex.def
File: hpdftex.def 2026-01-29 v7.01p Hyperref driver for pdfTeX
\Fld@listcount=\count307
\c@bookmark@seq@number=\count308
 (C:\Users\abdou\AppData\Local\Programs\MiKTeX\tex/latex/rerunfilecheck\rerunfilecheck.sty
Package: rerunfilecheck 2025-06-21 v1.11 Rerun checks for auxiliary files (HO)
 (C:\Users\abdou\AppData\Local\Programs\MiKTeX\tex/generic/uniquecounter\uniquecounter.sty
Package: uniquecounter 2019/12/15 v1.4 Provide unlimited unique counter (HO)
)
Package uniquecounter Info: New unique counter `rerunfilecheck' on input line 284.
)
\Hy@SectionHShift=\skip118
) (C:\Users\abdou\AppData\Local\Programs\MiKTeX\tex/latex/xcolor\xcolor.sty
Package: xcolor 2024/09/29 v3.02 LaTeX color extensions (UK)
 (C:\Users\abdou\AppData\Local\Programs\MiKTeX\tex/latex/graphics-cfg\color.cfg
File: color.cfg 2016/01/02 v1.6 sample color configuration
)
Package xcolor Info: Driver file: pdftex.def on input line 274.
 (C:\Users\abdou\AppData\Local\Programs\MiKTeX\tex/latex/graphics\mathcolor.ltx)
Package xcolor Info: Model `cmy' substituted by `cmy0' on input line 1349.
Package xcolor Info: Model `hsb' substituted by `rgb' on input line 1353.
Package xcolor Info: Model `RGB' extended on input line 1365.
Package xcolor Info: Model `HTML' substituted by `rgb' on input line 1367.
Package xcolor Info: Model `Hsb' substituted by `hsb' on input line 1368.
Package xcolor Info: Model `tHsb' substituted by `hsb' on input line 1369.
Package xcolor Info: Model `HSB' substituted by `hsb' on input line 1370.
Package xcolor Info: Model `Gray' substituted by `gray' on input line 1371.
Package xcolor Info: Model `wave' substituted by `hsb' on input line 1372.
)
LaTeX Font Info:    Trying to load font information for T1+ptm on input line 131.
 (C:\Users\abdou\AppData\Local\Programs\MiKTeX\tex/latex/psnfss\t1ptm.fd
File: t1ptm.fd 2001/06/04 font definitions for T1/ptm.
) (C:\Users\abdou\AppData\Local\Programs\MiKTeX\tex/latex/l3backend\l3backend-pdftex.def
File: l3backend-pdftex.def 2025-10-09 L3 backend support: PDF output (pdfTeX)
\l__color_backend_stack_int=\count309
) (main.aux (sections/page_garde/page_garde.aux) (sections/dedicace/dedicace.aux) (sections/remerciements/remerciements.aux) (sections/table_matieres/table_matieres.aux) (sections/liste_figures/liste_figures.aux) (sections/liste_tableaux/liste_tableaux.aux) (sections/introduction_generale/introduction_generale.aux) (sections/chapitre1/chapitre1.aux))
\openout1 = `main.aux'.

LaTeX Font Info:    Checking defaults for OML/cmm/m/it on input line 131.
LaTeX Font Info:    ... okay on input line 131.
LaTeX Font Info:    Checking defaults for OMS/cmsy/m/n on input line 131.
LaTeX Font Info:    ... okay on input line 131.
LaTeX Font Info:    Checking defaults for OT1/cmr/m/n on input line 131.
LaTeX Font Info:    ... okay on input line 131.
LaTeX Font Info:    Checking defaults for T1/cmr/m/n on input line 131.
LaTeX Font Info:    ... okay on input line 131.
LaTeX Font Info:    Checking defaults for TS1/cmr/m/n on input line 131.
LaTeX Font Info:    ... okay on input line 131.
LaTeX Font Info:    Checking defaults for OMX/cmex/m/n on input line 131.
LaTeX Font Info:    ... okay on input line 131.
LaTeX Font Info:    Checking defaults for U/cmr/m/n on input line 131.
LaTeX Font Info:    ... okay on input line 131.
LaTeX Font Info:    Checking defaults for PD1/pdf/m/n on input line 131.
LaTeX Font Info:    ... okay on input line 131.
LaTeX Font Info:    Checking defaults for PU/pdf/m/n on input line 131.
LaTeX Font Info:    ... okay on input line 131.
\big@size=\dimen176

*geometry* driver: auto-detecting
*geometry* detected driver: pdftex
*geometry* verbose mode - [ preamble ] result:
* driver: pdftex
* paper: a4paper
* layout: <same size as paper>
* layoutoffset:(h,v)=(0.0pt,0.0pt)
* modes: 
* h-part:(L,W,R)=(85.35826pt, 455.24411pt, 56.9055pt)
* v-part:(T,H,B)=(71.13188pt, 702.78308pt, 71.13188pt)
* \paperwidth=597.50787pt
* \paperheight=845.04684pt
* \textwidth=455.24411pt
* \textheight=702.78308pt
* \oddsidemargin=13.08827pt
* \evensidemargin=13.08827pt
* \topmargin=-38.1381pt
* \headheight=12.0pt
* \headsep=25.0pt
* \topskip=12.0pt
* \footskip=30.0pt
* \marginparwidth=35.0pt
* \marginparsep=10.0pt
* \columnsep=10.0pt
* \skip\footins=10.8pt plus 4.0pt minus 2.0pt
* \hoffset=0.0pt
* \voffset=0.0pt
* \mag=1000
* \@twocolumnfalse
* \@twosidefalse
* \@mparswitchfalse
* \@reversemarginfalse
* (1in=72.27pt=25.4mm, 1cm=28.453pt)

(C:\Users\abdou\AppData\Local\Programs\MiKTeX\tex/context/base/mkii\supp-pdf.mkii
[Loading MPS to PDF converter (version 2006.09.02).]
\scratchcounter=\count310
\scratchdimen=\dimen177
\scratchbox=\box58
\nofMPsegments=\count311
\nofMParguments=\count312
\everyMPshowfont=\toks26
\MPscratchCnt=\count313
\MPscratchDim=\dimen178
\MPnumerator=\count314
\makeMPintoPDFobject=\count315
\everyMPtoPDFconversion=\toks27
) (C:\Users\abdou\AppData\Local\Programs\MiKTeX\tex/latex/epstopdf-pkg\epstopdf-base.sty
Package: epstopdf-base 2020-01-24 v2.11 Base part for package epstopdf
Package epstopdf-base Info: Redefining graphics rule for `.eps' on input line 485.
 (C:\Users\abdou\AppData\Local\Programs\MiKTeX\tex/latex/00miktex\epstopdf-sys.cfg
File: epstopdf-sys.cfg 2021/03/18 v2.0 Configuration of epstopdf for MiKTeX
))
Package caption Info: Begin \AtBeginDocument code.
Package caption Info: hyperref package is loaded.
Package caption Info: End \AtBeginDocument code.
Package hyperref Info: Link coloring OFF on input line 131.
 (main.out) (main.out)
\@outlinefile=\write3
\openout3 = `main.out'.

\openout2 = `sections/page_garde/page_garde.aux'.

 (sections/page_garde/page_garde.tex
<sections/page_garde/img/iset_logo.png, id=99, 217.81375pt x 232.87pt>
File: sections/page_garde/img/iset_logo.png Graphic file (type png)
<use sections/page_garde/img/iset_logo.png>
Package pdftex.def Info: sections/page_garde/img/iset_logo.png  used on input line 8.
(pdftex.def)             Requested size: 71.13188pt x 76.04784pt.
<sections/page_garde/img/arabsoft_logo.jpg, id=100, 200.75pt x 200.75pt>
File: sections/page_garde/img/arabsoft_logo.jpg Graphic file (type jpg)
<use sections/page_garde/img/arabsoft_logo.jpg>
Package pdftex.def Info: sections/page_garde/img/arabsoft_logo.jpg  used on input line 24.
(pdftex.def)             Requested size: 99.58464pt x 99.5875pt.
LaTeX Font Info:    Calculating math sizes for size <10.5> on input line 30.
LaTeX Font Info:    Trying to load font information for OT1+ztmcm on input line 30.
 (C:\Users\abdou\AppData\Local\Programs\MiKTeX\tex/latex/psnfss\ot1ztmcm.fd
File: ot1ztmcm.fd 2000/01/03 Fontinst v1.801 font definitions for OT1/ztmcm.
)
LaTeX Font Info:    Trying to load font information for OML+ztmcm on input line 30.
 (C:\Users\abdou\AppData\Local\Programs\MiKTeX\tex/latex/psnfss\omlztmcm.fd
File: omlztmcm.fd 2000/01/03 Fontinst v1.801 font definitions for OML/ztmcm.
)
LaTeX Font Info:    Trying to load font information for OMS+ztmcm on input line 30.
 (C:\Users\abdou\AppData\Local\Programs\MiKTeX\tex/latex/psnfss\omsztmcm.fd
File: omsztmcm.fd 2000/01/03 Fontinst v1.801 font definitions for OMS/ztmcm.
)
LaTeX Font Info:    Trying to load font information for OMX+ztmcm on input line 30.
 (C:\Users\abdou\AppData\Local\Programs\MiKTeX\tex/latex/psnfss\omxztmcm.fd
File: omxztmcm.fd 2000/01/03 Fontinst v1.801 font definitions for OMX/ztmcm.
)
LaTeX Font Info:    Trying to load font information for OT1+ptm on input line 30.
 (C:\Users\abdou\AppData\Local\Programs\MiKTeX\tex/latex/psnfss\ot1ptm.fd
File: ot1ptm.fd 2001/06/04 font definitions for OT1/ptm.
)
LaTeX Font Info:    Font shape `OT1/ptm/bx/n' in size <10.5> not available
(Font)              Font shape `OT1/ptm/b/n' tried instead on input line 30.
LaTeX Font Info:    Font shape `OT1/ptm/bx/n' in size <7.77005> not available
(Font)              Font shape `OT1/ptm/b/n' tried instead on input line 30.
LaTeX Font Info:    Font shape `OT1/ptm/bx/n' in size <6.30006> not available
(Font)              Font shape `OT1/ptm/b/n' tried instead on input line 30.
LaTeX Font Info:    Font shape `OT1/ptm/bx/n' in size <12> not available
(Font)              Font shape `OT1/ptm/b/n' tried instead on input line 55.
LaTeX Font Info:    Font shape `OT1/ptm/bx/n' in size <9> not available
(Font)              Font shape `OT1/ptm/b/n' tried instead on input line 55.
LaTeX Font Info:    Font shape `OT1/ptm/bx/n' in size <7> not available
(Font)              Font shape `OT1/ptm/b/n' tried instead on input line 55.

Overfull \hbox (8.25005pt too wide) in paragraph at lines 55--56
 [][] 
 []

LaTeX Font Info:    Calculating math sizes for size <14> on input line 73.
LaTeX Font Info:    Font shape `OT1/ptm/bx/n' in size <14> not available
(Font)              Font shape `OT1/ptm/b/n' tried instead on input line 73.
LaTeX Font Info:    Font shape `OT1/ptm/bx/n' in size <10.36008> not available
(Font)              Font shape `OT1/ptm/b/n' tried instead on input line 73.
LaTeX Font Info:    Font shape `OT1/ptm/bx/n' in size <8.40009> not available
(Font)              Font shape `OT1/ptm/b/n' tried instead on input line 73.
[1


{C:/Users/abdou/AppData/Local/MiKTeX/fonts/map/pdftex/pdftex.map}{C:/Users/abdou/AppData/Local/Programs/MiKTeX/fonts/enc/dvips/base/8r.enc} <./sections/page_garde/img/iset_logo.png> <./sections/page_garde/img/arabsoft_logo.jpg>])
\openout2 = `sections/dedicace/dedicace.aux'.

 (sections/dedicace/dedicace.tex)
pdfTeX warning (ext4): destination with the same identifier (name{page.}) has been already used, duplicate ignored
<to be read again> 
                   \relax 
l.139 \include{sections/dedicace/dedicace}
                                           [1



]
\openout2 = `sections/remerciements/remerciements.aux'.

 (sections/remerciements/remerciements.tex)
pdfTeX warning (ext4): destination with the same identifier (name{page.}) has been already used, duplicate ignored
<to be read again> 
                   \relax 
l.140 ...ude{sections/remerciements/remerciements}
                                                   [2



]
\openout2 = `sections/table_matieres/table_matieres.aux'.

 (sections/table_matieres/table_matieres.tex (main.toc)
\tf@toc=\write4
\openout4 = `main.toc'.

)
pdfTeX warning (ext4): destination with the same identifier (name{page.}) has been already used, duplicate ignored
<to be read again> 
                   \relax 
l.141 ...e{sections/table_matieres/table_matieres}
                                                   [3



]
\openout2 = `sections/liste_figures/liste_figures.aux'.

 (sections/liste_figures/liste_figures.tex (main.lof)
\tf@lof=\write5
\openout5 = `main.lof'.

)
pdfTeX warning (ext4): destination with the same identifier (name{page.}) has been already used, duplicate ignored
<to be read again> 
                   \relax 
l.142 ...ude{sections/liste_figures/liste_figures}
                                                   [4



]
\openout2 = `sections/liste_tableaux/liste_tableaux.aux'.

 (sections/liste_tableaux/liste_tableaux.tex (main.lot)
\tf@lot=\write6
\openout6 = `main.lot'.

)
pdfTeX warning (ext4): destination with the same identifier (name{page.}) has been already used, duplicate ignored
<to be read again> 
                   \relax 
l.143 ...e{sections/liste_tableaux/liste_tableaux}
                                                   [5



]
\openout2 = `sections/introduction_generale/introduction_generale.aux'.

 (sections/introduction_generale/introduction_generale.tex) [1




]
\openout2 = `sections/chapitre1/chapitre1.aux'.

 (sections/chapitre1/chapitre1.tex
File: sections/page_garde/img/arabsoft_logo.jpg Graphic file (type jpg)
<use sections/page_garde/img/arabsoft_logo.jpg>
Package pdftex.def Info: sections/page_garde/img/arabsoft_logo.jpg  used on input line 90.
(pdftex.def)             Requested size: 142.26378pt x 142.27312pt.
 [2



]
LaTeX Font Info:    Trying to load font information for TS1+ptm on input line 139.
 (C:\Users\abdou\AppData\Local\Programs\MiKTeX\tex/latex/psnfss\ts1ptm.fd
File: ts1ptm.fd 2001/06/04 font definitions for TS1/ptm.
) [3]
Overfull \hbox (2.97316pt too wide) in paragraph at lines 190--191
[]\T1/ptm/b/n/12 Data cen-tral-iza-tion: \T1/ptm/m/n/12 All re-quests, projects, and tasks are stored in a uni-fied database
 []


Overfull \hbox (0.44165pt too wide) in paragraph at lines 192--193
[]\T1/ptm/b/n/12 Project and task track-ing: \T1/ptm/m/n/12 Plan-ning, as-sign-ment, pri-or-i-ti-za-tion, and progress mon-
 []

[4]
<sections/chapitre1/img/uml_logo.png, id=184, 1284.8pt x 935.495pt>
File: sections/chapitre1/img/uml_logo.png Graphic file (type png)
<use sections/chapitre1/img/uml_logo.png>
Package pdftex.def Info: sections/chapitre1/img/uml_logo.png  used on input line 246.
(pdftex.def)             Requested size: 85.35826pt x 62.15111pt.

Overfull \hbox (2.56657pt too wide) in paragraph at lines 262--263
[]\T1/ptm/m/n/12 For project man-age-ment, I adopted the \T1/ptm/b/n/12 Ag-ile \T1/ptm/m/n/12 method-ol-ogy, specif-i-cally the \T1/ptm/b/n/12 Scrum \T1/ptm/m/n/12 frame-
 []

[5 <./sections/chapitre1/img/uml_logo.png>]
<sections/chapitre1/img/scrum_roles_custom.png, id=192, 1059.96pt x 578.16pt>
File: sections/chapitre1/img/scrum_roles_custom.png Graphic file (type png)
<use sections/chapitre1/img/scrum_roles_custom.png>
Package pdftex.def Info: sections/chapitre1/img/scrum_roles_custom.png  used on input line 340.
(pdftex.def)             Requested size: 369.88582pt x 201.75912pt.
 [6]
<sections/chapitre1/img/scrum.png, id=197, 1027.84pt x 501.875pt>
File: sections/chapitre1/img/scrum.png Graphic file (type png)
<use sections/chapitre1/img/scrum.png>
Package pdftex.def Info: sections/chapitre1/img/scrum.png  used on input line 368.
(pdftex.def)             Requested size: 341.43306pt x 166.71434pt.
<sections/chapitre1/img/specs_abderrahmen_ben_hattab.png, id=198, 801.59476pt x 154.77824pt>
File: sections/chapitre1/img/specs_abderrahmen_ben_hattab.png Graphic file (type png)
<use sections/chapitre1/img/specs_abderrahmen_ben_hattab.png>
Package pdftex.def Info: sections/chapitre1/img/specs_abderrahmen_ben_hattab.png  used on input line 394.
(pdftex.def)             Requested size: 369.88582pt x 71.42085pt.
 [7 <./sections/chapitre1/img/scrum_roles_custom.png> <./sections/chapitre1/img/scrum.png>]
<sections/chapitre1/img/vscode.png, id=208, 1204.5pt x 632.3625pt>
File: sections/chapitre1/img/vscode.png Graphic file (type png)
<use sections/chapitre1/img/vscode.png>
Package pdftex.def Info: sections/chapitre1/img/vscode.png  used on input line 438.
(pdftex.def)             Requested size: 97.53822pt x 51.21504pt.

Overfull \hbox (34.94226pt too wide) in paragraph at lines 438--438
 [][] 
 []


Overfull \hbox (2.28001pt too wide) in paragraph at lines 438--438
 $[]$ $[]$  
 []

<sections/chapitre1/img/intellij.png, id=209, 256.96pt x 256.96pt>
File: sections/chapitre1/img/intellij.png Graphic file (type png)
<use sections/chapitre1/img/intellij.png>
Package pdftex.def Info: sections/chapitre1/img/intellij.png  used on input line 442.
(pdftex.def)             Requested size: 51.21465pt x 51.21504pt.

Overfull \hbox (2.28001pt too wide) in paragraph at lines 442--442
 $[]$ $[]$  
 []

<sections/chapitre1/img/postman.png, id=210, 200.75pt x 200.75pt>
File: sections/chapitre1/img/postman.png Graphic file (type png)
<use sections/chapitre1/img/postman.png>
Package pdftex.def Info: sections/chapitre1/img/postman.png  used on input line 446.
(pdftex.def)             Requested size: 51.21353pt x 51.21504pt.

Overfull \hbox (2.28001pt too wide) in paragraph at lines 446--446
 $[]$ $[]$  
 []

<sections/chapitre1/img/drawio.png, id=211, 813.0375pt x 457.71pt>
File: sections/chapitre1/img/drawio.png Graphic file (type png)
<use sections/chapitre1/img/drawio.png>
Package pdftex.def Info: sections/chapitre1/img/drawio.png  used on input line 450.
(pdftex.def)             Requested size: 90.97273pt x 51.21504pt.

Overfull \hbox (28.37677pt too wide) in paragraph at lines 450--450
 [][] 
 []


Overfull \hbox (2.28001pt too wide) in paragraph at lines 450--450
 $[]$ $[]$  
 []

<sections/chapitre1/img/git.png, id=212, 973.6375pt x 501.875pt>
File: sections/chapitre1/img/git.png Graphic file (type png)
<use sections/chapitre1/img/git.png>
Package pdftex.def Info: sections/chapitre1/img/git.png  used on input line 460.
(pdftex.def)             Requested size: 82.79523pt x 42.67912pt.
<sections/chapitre1/img/github.png, id=213, 224.84pt x 224.84pt>
File: sections/chapitre1/img/github.png Graphic file (type png)
<use sections/chapitre1/img/github.png>
Package pdftex.def Info: sections/chapitre1/img/github.png  used on input line 461.
(pdftex.def)             Requested size: 42.67886pt x 42.67912pt.

Overfull \hbox (20.19926pt too wide) in paragraph at lines 460--462
 [][] 
 []


Overfull \hbox (2.28001pt too wide) in paragraph at lines 457--468
 $[]$ $[]$  
 []

[8 <./sections/chapitre1/img/specs_abderrahmen_ben_hattab.png> <./sections/chapitre1/img/vscode.png> <./sections/chapitre1/img/intellij.png> <./sections/chapitre1/img/postman.png> <./sections/chapitre1/img/drawio.png> <./sections/chapitre1/img/git.png> <./sections/chapitre1/img/github.png>]
<sections/chapitre1/img/jira.png, id=226, 2509.375pt x 2509.375pt>
File: sections/chapitre1/img/jira.png Graphic file (type png)
<use sections/chapitre1/img/jira.png>
Package pdftex.def Info: sections/chapitre1/img/jira.png  used on input line 473.
(pdftex.def)             Requested size: 51.19363pt x 51.21504pt.

Overfull \hbox (2.28001pt too wide) in paragraph at lines 473--473
 $[]$ $[]$  
 []

<sections/chapitre1/img/latex.png, id=227, 869.2475pt x 652.4375pt>
File: sections/chapitre1/img/latex.png Graphic file (type png)
<use sections/chapitre1/img/latex.png>
Package pdftex.def Info: sections/chapitre1/img/latex.png  used on input line 477.
(pdftex.def)             Requested size: 68.22812pt x 51.21504pt.

Overfull \hbox (5.63216pt too wide) in paragraph at lines 477--477
 [][] 
 []


Overfull \hbox (2.28001pt too wide) in paragraph at lines 477--477
 $[]$ $[]$  
 []

<sections/chapitre1/img/figma.png, id=228, 319.1925pt x 159.59625pt>
File: sections/chapitre1/img/figma.png Graphic file (type png)
<use sections/chapitre1/img/figma.png>
Package pdftex.def Info: sections/chapitre1/img/figma.png  used on input line 481.
(pdftex.def)             Requested size: 102.43103pt x 51.21504pt.

Overfull \hbox (39.83507pt too wide) in paragraph at lines 481--481
 [][] 
 []


Overfull \hbox (2.28001pt too wide) in paragraph at lines 481--481
 $[]$ $[]$  
 []

<sections/chapitre1/img/react.png, id=229, 238.8925pt x 212.795pt>
File: sections/chapitre1/img/react.png Graphic file (type png)
<use sections/chapitre1/img/react.png>
Package pdftex.def Info: sections/chapitre1/img/react.png  used on input line 510.
(pdftex.def)             Requested size: 57.49576pt x 51.21504pt.

Overfull \hbox (2.28001pt too wide) in paragraph at lines 510--510
 $[]$ $[]$  
 []

<sections/chapitre1/img/tailwind.png, id=230, 331.2375pt x 202.7575pt>
File: sections/chapitre1/img/tailwind.png Graphic file (type png)
<use sections/chapitre1/img/tailwind.png>
Package pdftex.def Info: sections/chapitre1/img/tailwind.png  used on input line 514.
(pdftex.def)             Requested size: 83.66838pt x 51.21504pt.

Overfull \hbox (21.07242pt too wide) in paragraph at lines 514--514
 [][] 
 []


Overfull \hbox (2.28001pt too wide) in paragraph at lines 514--514
 $[]$ $[]$  
 []

<sections/chapitre1/img/springboot.png, id=231, 401.5pt x 401.5pt>
File: sections/chapitre1/img/springboot.png Graphic file (type png)
<use sections/chapitre1/img/springboot.png>
Package pdftex.def Info: sections/chapitre1/img/springboot.png  used on input line 518.
(pdftex.def)             Requested size: 51.21048pt x 51.21504pt.

Overfull \hbox (2.28001pt too wide) in paragraph at lines 518--518
 $[]$ $[]$  
 []

<sections/chapitre1/img/postgresql.png, id=232, 225.84375pt x 225.84375pt>
File: sections/chapitre1/img/postgresql.png Graphic file (type png)
<use sections/chapitre1/img/postgresql.png>
Package pdftex.def Info: sections/chapitre1/img/postgresql.png  used on input line 522.
(pdftex.def)             Requested size: 51.21239pt x 51.21504pt.

Overfull \hbox (2.28001pt too wide) in paragraph at lines 522--522
 $[]$ $[]$  
 []

[9

 <./sections/chapitre1/img/jira.png> <./sections/chapitre1/img/latex.png> <./sections/chapitre1/img/figma.png> <./sections/chapitre1/img/react.png> <./sections/chapitre1/img/tailwind.png> <./sections/chapitre1/img/springboot.png> <./sections/chapitre1/img/postgresql.png>]
<sections/chapitre1/img/arch_frontend.jpg, id=244, 510.2262pt x 404.2302pt>
File: sections/chapitre1/img/arch_frontend.jpg Graphic file (type jpg)
<use sections/chapitre1/img/arch_frontend.jpg>
Package pdftex.def Info: sections/chapitre1/img/arch_frontend.jpg  used on input line 580.
(pdftex.def)             Requested size: 369.88582pt x 293.04396pt.
 [10 <./sections/chapitre1/img/arch_frontend.jpg>]
<sections/chapitre1/img/arch_backend.jpg, id=250, 647.5392pt x 514.0806pt>
File: sections/chapitre1/img/arch_backend.jpg Graphic file (type jpg)
<use sections/chapitre1/img/arch_backend.jpg>
Package pdftex.def Info: sections/chapitre1/img/arch_backend.jpg  used on input line 613.
(pdftex.def)             Requested size: 312.9803pt x 248.47377pt.
 [11 <./sections/chapitre1/img/arch_backend.jpg>]
<sections/chapitre1/img/arch_globale.jpg, id=256, 552.6246pt x 595.023pt>
File: sections/chapitre1/img/arch_globale.jpg Graphic file (type jpg)
<use sections/chapitre1/img/arch_globale.jpg>
Package pdftex.def Info: sections/chapitre1/img/arch_globale.jpg  used on input line 664.
(pdftex.def)             Requested size: 369.88582pt x 398.28201pt.
 [12 <./sections/chapitre1/img/arch_globale.jpg>]) [13] (main.aux (sections/page_garde/page_garde.aux) (sections/dedicace/dedicace.aux) (sections/remerciements/remerciements.aux) (sections/table_matieres/table_matieres.aux) (sections/liste_figures/liste_figures.aux) (sections/liste_tableaux/liste_tableaux.aux) (sections/introduction_generale/introduction_generale.aux) (sections/chapitre1/chapitre1.aux))
 ***********
LaTeX2e <2025-11-01>
L3 programming layer <2026-01-19>
 ***********
Package rerunfilecheck Info: File `main.out' has not changed.
(rerunfilecheck)             Checksum: 3A6F28D0849F00F83DC9A681B4091389;4956.
 ) 
Here is how much of TeX's memory you used:
 14108 strings out of 467867
 244534 string characters out of 5418334
 659510 words of memory out of 5000000
 42665 multiletter control sequences out of 15000+600000
 703217 words of font info for 137 fonts, out of 8000000 for 9000
 1141 hyphenation exceptions out of 8191
 75i,12n,79p,714b,640s stack positions out of 10000i,1000n,20000p,200000b,200000s
<C:/Users/abdou/AppData/Local/Programs/MiKTeX/fonts/type1/public/amsfonts/cm/cmsy10.pfb><C:/Users/abdou/AppData/Local/Programs/MiKTeX/fonts/type1/urw/times/utmb8a.pfb><C:/Users/abdou/AppData/Local/Programs/MiKTeX/fonts/type1/urw/times/utmbi8a.pfb><C:/Users/abdou/AppData/Local/Programs/MiKTeX/fonts/type1/urw/times/utmr8a.pfb><C:/Users/abdou/AppData/Local/Programs/MiKTeX/fonts/type1/urw/times/utmri8a.pfb>
Output written on main.pdf (19 pages, 1858605 bytes).
PDF statistics:
 303 PDF objects out of 1000 (max. 8388607)
 54 named destinations out of 1000 (max. 500000)
 303 words of extra memory for PDF output out of 10000 (max. 10000000)

